[INFO] com.github.espylapiza.compiler_mxstar.Compiler run > parser 
[INFO] com.github.espylapiza.compiler_mxstar.Compiler run > PizzaIRBuilder 
[INFO] com.github.espylapiza.compiler_mxstar.pizza_ir.PizzaIRBuilder fromParser > register built-in types and functions 
[INFO] com.github.espylapiza.compiler_mxstar.pizza_ir.PizzaIRBuilder fromParser > build IR 
[FINE] com.github.espylapiza.compiler_mxstar.pizza_ir.PizzaIRVisitor visitFunctionDefinitionStatement > enter function: main 
[FINE] com.github.espylapiza.compiler_mxstar.pizza_ir.PizzaIRVisitor visitFunctionDefinitionStatement > exit function: main 
[FINE] com.github.espylapiza.compiler_mxstar.pizza_ir.Code enterFunc > enterFunc: __init__ 
[FINE] com.github.espylapiza.compiler_mxstar.pizza_ir.Trace addVar > allocate variable: com.github.espylapiza.compiler_mxstar.pizza_ir.IntType@7823a2f9 null 
[FINE] com.github.espylapiza.compiler_mxstar.pizza_ir.Code addInstruction > addInstruction: $1 = 4 
[FINE] com.github.espylapiza.compiler_mxstar.pizza_ir.Trace addVar > allocate variable: com.github.espylapiza.compiler_mxstar.pizza_ir.ArrayType@5e5792a0 null 
[FINE] com.github.espylapiza.compiler_mxstar.pizza_ir.Trace addVar > allocate variable: com.github.espylapiza.compiler_mxstar.pizza_ir.ArrayType@26653222 a 
[FINE] com.github.espylapiza.compiler_mxstar.pizza_ir.Code addInstruction > addInstruction: $3 = $2 
[FINE] com.github.espylapiza.compiler_mxstar.pizza_ir.PizzaIRVisitor visitFunctionDefinitionStatement > enter function: main 
[FINE] com.github.espylapiza.compiler_mxstar.pizza_ir.Code enterFunc > enterFunc: main 
[FINE] com.github.espylapiza.compiler_mxstar.pizza_ir.Trace addVar > allocate variable: com.github.espylapiza.compiler_mxstar.pizza_ir.IntType@7823a2f9 null 
[FINE] com.github.espylapiza.compiler_mxstar.pizza_ir.Code addInstruction > addInstruction: $4 = 4 
[FINE] com.github.espylapiza.compiler_mxstar.pizza_ir.Trace addVar > allocate variable: com.github.espylapiza.compiler_mxstar.pizza_ir.ArrayType@59f99ea null 
[FINE] com.github.espylapiza.compiler_mxstar.pizza_ir.Trace addVar > allocate variable: com.github.espylapiza.compiler_mxstar.pizza_ir.ArrayType@27efef64 b 
[FINE] com.github.espylapiza.compiler_mxstar.pizza_ir.Code addInstruction > addInstruction: $6 = $5 
[FINE] com.github.espylapiza.compiler_mxstar.pizza_ir.Trace addVar > allocate variable: com.github.espylapiza.compiler_mxstar.pizza_ir.IntType@7823a2f9 i 
[FINE] com.github.espylapiza.compiler_mxstar.pizza_ir.Trace addVar > allocate variable: com.github.espylapiza.compiler_mxstar.pizza_ir.IntType@7823a2f9 null 
[FINE] com.github.espylapiza.compiler_mxstar.pizza_ir.Code addInstruction > addInstruction: $8 = 0 
[FINE] com.github.espylapiza.compiler_mxstar.pizza_ir.Trace addVar > allocate variable: com.github.espylapiza.compiler_mxstar.pizza_ir.ArrayType@3e6fa38a null 
[FINE] com.github.espylapiza.compiler_mxstar.pizza_ir.Code addInstruction > addInstruction: $9 = $3 
[FINE] com.github.espylapiza.compiler_mxstar.pizza_ir.Trace addVar > allocate variable: com.github.espylapiza.compiler_mxstar.pizza_ir.IntType@7823a2f9 null 
[FINE] com.github.espylapiza.compiler_mxstar.pizza_ir.Code addInstruction > addInstruction: $10 = 1 
[FINE] com.github.espylapiza.compiler_mxstar.pizza_ir.Trace addVar > allocate variable: com.github.espylapiza.compiler_mxstar.pizza_ir.ArrayType@3e6fa38a null 
[FINE] com.github.espylapiza.compiler_mxstar.pizza_ir.Code addInstruction > addInstruction: $11 = $3 
[FINE] com.github.espylapiza.compiler_mxstar.pizza_ir.Trace addVar > allocate variable: com.github.espylapiza.compiler_mxstar.pizza_ir.IntType@7823a2f9 null 
[FINE] com.github.espylapiza.compiler_mxstar.pizza_ir.Code addInstruction > addInstruction: $12 = 2 
[FINE] com.github.espylapiza.compiler_mxstar.pizza_ir.Trace addVar > allocate variable: com.github.espylapiza.compiler_mxstar.pizza_ir.ArrayType@3e6fa38a null 
[FINE] com.github.espylapiza.compiler_mxstar.pizza_ir.Code addInstruction > addInstruction: $13 = $3 
[FINE] com.github.espylapiza.compiler_mxstar.pizza_ir.Trace addVar > allocate variable: com.github.espylapiza.compiler_mxstar.pizza_ir.IntType@7823a2f9 null 
[FINE] com.github.espylapiza.compiler_mxstar.pizza_ir.Code addInstruction > addInstruction: $14 = 3 
[FINE] com.github.espylapiza.compiler_mxstar.pizza_ir.Trace addVar > allocate variable: com.github.espylapiza.compiler_mxstar.pizza_ir.ArrayType@3e6fa38a null 
[FINE] com.github.espylapiza.compiler_mxstar.pizza_ir.Code addInstruction > addInstruction: $15 = $3 
[FINE] com.github.espylapiza.compiler_mxstar.pizza_ir.Trace addVar > allocate variable: com.github.espylapiza.compiler_mxstar.pizza_ir.IntType@7823a2f9 null 
[FINE] com.github.espylapiza.compiler_mxstar.pizza_ir.Trace addVar > allocate variable: com.github.espylapiza.compiler_mxstar.pizza_ir.StringType@77caeb3e null 
[FINE] com.github.espylapiza.compiler_mxstar.pizza_ir.Trace addVar > allocate variable: com.github.espylapiza.compiler_mxstar.pizza_ir.IntType@7823a2f9 null 
[FINE] com.github.espylapiza.compiler_mxstar.pizza_ir.Code addInstruction > addInstruction: $18 = 0 
[FINE] com.github.espylapiza.compiler_mxstar.pizza_ir.Trace addVar > allocate variable: com.github.espylapiza.compiler_mxstar.pizza_ir.IntType@7823a2f9 i 
[FINE] com.github.espylapiza.compiler_mxstar.pizza_ir.Code addInstruction > addInstruction: $19 = $18 
[FINE] com.github.espylapiza.compiler_mxstar.pizza_ir.Trace addVar > allocate variable: com.github.espylapiza.compiler_mxstar.pizza_ir.IntType@7823a2f9 null 
[FINE] com.github.espylapiza.compiler_mxstar.pizza_ir.Code addInstruction > addInstruction: $20 = 0 
[FINE] com.github.espylapiza.compiler_mxstar.pizza_ir.Trace addVar > allocate variable: com.github.espylapiza.compiler_mxstar.pizza_ir.ArrayType@3e6fa38a null 
[FINE] com.github.espylapiza.compiler_mxstar.pizza_ir.Code addInstruction > addInstruction: com.github.espylapiza.compiler_mxstar.pizza_ir.InstLoad@3bfdc050 
[FINE] com.github.espylapiza.compiler_mxstar.pizza_ir.Trace addVar > allocate variable: com.github.espylapiza.compiler_mxstar.pizza_ir.IntType@7823a2f9 null 
[FINE] com.github.espylapiza.compiler_mxstar.pizza_ir.Trace addVar > allocate variable: com.github.espylapiza.compiler_mxstar.pizza_ir.BoolType@1bce4f0a null 
[FINE] com.github.espylapiza.compiler_mxstar.pizza_ir.Code addInstruction > addInstruction: $23 = call int.__lt__ $19 $22 
[FINE] com.github.espylapiza.compiler_mxstar.pizza_ir.Trace addVar > allocate variable: com.github.espylapiza.compiler_mxstar.pizza_ir.IntType@7823a2f9 null 
[FINE] com.github.espylapiza.compiler_mxstar.pizza_ir.Code addInstruction > addInstruction: $24 = call int.__preinc__ null 
[FINE] com.github.espylapiza.compiler_mxstar.pizza_ir.Trace addVar > allocate variable: com.github.espylapiza.compiler_mxstar.pizza_ir.IntType@7823a2f9 null 
[FINE] com.github.espylapiza.compiler_mxstar.pizza_ir.Trace addVar > allocate variable: com.github.espylapiza.compiler_mxstar.pizza_ir.IntType@7823a2f9 null 
[FINE] com.github.espylapiza.compiler_mxstar.pizza_ir.Code addInstruction > addInstruction: $26 = 0 
[FINE] com.github.espylapiza.compiler_mxstar.pizza_ir.Trace addVar > allocate variable: com.github.espylapiza.compiler_mxstar.pizza_ir.IntType@7823a2f9 null 
[FINE] com.github.espylapiza.compiler_mxstar.pizza_ir.Code addInstruction > addInstruction: $27 = $25 
[FINE] com.github.espylapiza.compiler_mxstar.pizza_ir.Trace exit > remove variable: com.github.espylapiza.compiler_mxstar.pizza_ir.IntType@7823a2f9 i 
[FINE] com.github.espylapiza.compiler_mxstar.pizza_ir.Trace addVar > allocate variable: com.github.espylapiza.compiler_mxstar.pizza_ir.IntType@7823a2f9 null 
[FINE] com.github.espylapiza.compiler_mxstar.pizza_ir.Code addInstruction > addInstruction: $28 = 0 
[FINE] com.github.espylapiza.compiler_mxstar.pizza_ir.Trace addVar > allocate variable: com.github.espylapiza.compiler_mxstar.pizza_ir.IntType@7823a2f9 i 
[FINE] com.github.espylapiza.compiler_mxstar.pizza_ir.Code addInstruction > addInstruction: $29 = $28 
[FINE] com.github.espylapiza.compiler_mxstar.pizza_ir.Trace addVar > allocate variable: com.github.espylapiza.compiler_mxstar.pizza_ir.IntType@7823a2f9 null 
[FINE] com.github.espylapiza.compiler_mxstar.pizza_ir.Code addInstruction > addInstruction: $30 = 1 
[FINE] com.github.espylapiza.compiler_mxstar.pizza_ir.Trace addVar > allocate variable: com.github.espylapiza.compiler_mxstar.pizza_ir.ArrayType@3e6fa38a null 
[FINE] com.github.espylapiza.compiler_mxstar.pizza_ir.Code addInstruction > addInstruction: com.github.espylapiza.compiler_mxstar.pizza_ir.InstLoad@5c3bd550 
[FINE] com.github.espylapiza.compiler_mxstar.pizza_ir.Trace addVar > allocate variable: com.github.espylapiza.compiler_mxstar.pizza_ir.IntType@7823a2f9 null 
[FINE] com.github.espylapiza.compiler_mxstar.pizza_ir.Trace addVar > allocate variable: com.github.espylapiza.compiler_mxstar.pizza_ir.BoolType@1bce4f0a null 
[FINE] com.github.espylapiza.compiler_mxstar.pizza_ir.Code addInstruction > addInstruction: $33 = call int.__lt__ $29 $32 
[FINE] com.github.espylapiza.compiler_mxstar.pizza_ir.Trace addVar > allocate variable: com.github.espylapiza.compiler_mxstar.pizza_ir.IntType@7823a2f9 null 
[FINE] com.github.espylapiza.compiler_mxstar.pizza_ir.Code addInstruction > addInstruction: $34 = call int.__preinc__ null 
[FINE] com.github.espylapiza.compiler_mxstar.pizza_ir.Trace addVar > allocate variable: com.github.espylapiza.compiler_mxstar.pizza_ir.IntType@7823a2f9 null 
[FINE] com.github.espylapiza.compiler_mxstar.pizza_ir.Code addInstruction > addInstruction: $35 = 1 
[FINE] com.github.espylapiza.compiler_mxstar.pizza_ir.Trace addVar > allocate variable: com.github.espylapiza.compiler_mxstar.pizza_ir.ArrayType@3e6fa38a null 
[FINE] com.github.espylapiza.compiler_mxstar.pizza_ir.Code addInstruction > addInstruction: com.github.espylapiza.compiler_mxstar.pizza_ir.InstLoad@91161c7 
[FINE] com.github.espylapiza.compiler_mxstar.pizza_ir.Trace addVar > allocate variable: com.github.espylapiza.compiler_mxstar.pizza_ir.IntType@7823a2f9 null 
[FINE] com.github.espylapiza.compiler_mxstar.pizza_ir.Code addInstruction > addInstruction: com.github.espylapiza.compiler_mxstar.pizza_ir.InstLoad@604ed9f0 
[FINE] com.github.espylapiza.compiler_mxstar.pizza_ir.Trace addVar > allocate variable: com.github.espylapiza.compiler_mxstar.pizza_ir.StringType@77caeb3e null 
[FINE] com.github.espylapiza.compiler_mxstar.pizza_ir.Trace addVar > allocate variable: com.github.espylapiza.compiler_mxstar.pizza_ir.IntType@7823a2f9 null 
[FINE] com.github.espylapiza.compiler_mxstar.pizza_ir.Trace exit > remove variable: com.github.espylapiza.compiler_mxstar.pizza_ir.IntType@7823a2f9 i 
[FINE] com.github.espylapiza.compiler_mxstar.pizza_ir.Trace addVar > allocate variable: com.github.espylapiza.compiler_mxstar.pizza_ir.StringType@77caeb3e null 
[FINE] com.github.espylapiza.compiler_mxstar.pizza_ir.Code addInstruction > addInstruction: $40 = "" 
[FINE] com.github.espylapiza.compiler_mxstar.pizza_ir.Trace addVar > allocate variable: com.github.espylapiza.compiler_mxstar.pizza_ir.IntType@7823a2f9 null 
[FINE] com.github.espylapiza.compiler_mxstar.pizza_ir.Code addInstruction > addInstruction: $41 = 0 
[FINE] com.github.espylapiza.compiler_mxstar.pizza_ir.Trace addVar > allocate variable: com.github.espylapiza.compiler_mxstar.pizza_ir.IntType@7823a2f9 i 
[FINE] com.github.espylapiza.compiler_mxstar.pizza_ir.Code addInstruction > addInstruction: $42 = $41 
[FINE] com.github.espylapiza.compiler_mxstar.pizza_ir.Trace addVar > allocate variable: com.github.espylapiza.compiler_mxstar.pizza_ir.IntType@7823a2f9 null 
[FINE] com.github.espylapiza.compiler_mxstar.pizza_ir.Code addInstruction > addInstruction: $43 = 2 
[FINE] com.github.espylapiza.compiler_mxstar.pizza_ir.Trace addVar > allocate variable: com.github.espylapiza.compiler_mxstar.pizza_ir.ArrayType@3e6fa38a null 
[FINE] com.github.espylapiza.compiler_mxstar.pizza_ir.Code addInstruction > addInstruction: com.github.espylapiza.compiler_mxstar.pizza_ir.InstLoad@685cb137 
[FINE] com.github.espylapiza.compiler_mxstar.pizza_ir.Trace addVar > allocate variable: com.github.espylapiza.compiler_mxstar.pizza_ir.IntType@7823a2f9 null 
[FINE] com.github.espylapiza.compiler_mxstar.pizza_ir.Trace addVar > allocate variable: com.github.espylapiza.compiler_mxstar.pizza_ir.BoolType@1bce4f0a null 
[FINE] com.github.espylapiza.compiler_mxstar.pizza_ir.Code addInstruction > addInstruction: $46 = call int.__lt__ $42 $45 
[FINE] com.github.espylapiza.compiler_mxstar.pizza_ir.Trace addVar > allocate variable: com.github.espylapiza.compiler_mxstar.pizza_ir.IntType@7823a2f9 null 
[FINE] com.github.espylapiza.compiler_mxstar.pizza_ir.Code addInstruction > addInstruction: $47 = call int.__preinc__ null 
[FINE] com.github.espylapiza.compiler_mxstar.pizza_ir.Trace addVar > allocate variable: com.github.espylapiza.compiler_mxstar.pizza_ir.IntType@7823a2f9 null 
[FINE] com.github.espylapiza.compiler_mxstar.pizza_ir.Code addInstruction > addInstruction: $48 = 0 
[FINE] com.github.espylapiza.compiler_mxstar.pizza_ir.Trace addVar > allocate variable: com.github.espylapiza.compiler_mxstar.pizza_ir.IntType@7823a2f9 null 
[FINE] com.github.espylapiza.compiler_mxstar.pizza_ir.Code addInstruction > addInstruction: $49 = 2 
[FINE] com.github.espylapiza.compiler_mxstar.pizza_ir.Trace addVar > allocate variable: com.github.espylapiza.compiler_mxstar.pizza_ir.IntType@7823a2f9 null 
[FINE] com.github.espylapiza.compiler_mxstar.pizza_ir.Code addInstruction > addInstruction: $50 = $48 
[FINE] com.github.espylapiza.compiler_mxstar.pizza_ir.Trace exit > remove variable: com.github.espylapiza.compiler_mxstar.pizza_ir.IntType@7823a2f9 i 
[FINE] com.github.espylapiza.compiler_mxstar.pizza_ir.Trace addVar > allocate variable: com.github.espylapiza.compiler_mxstar.pizza_ir.IntType@7823a2f9 null 
[FINE] com.github.espylapiza.compiler_mxstar.pizza_ir.Code addInstruction > addInstruction: $51 = 0 
[FINE] com.github.espylapiza.compiler_mxstar.pizza_ir.Trace addVar > allocate variable: com.github.espylapiza.compiler_mxstar.pizza_ir.IntType@7823a2f9 i 
[FINE] com.github.espylapiza.compiler_mxstar.pizza_ir.Code addInstruction > addInstruction: $52 = $51 
[FINE] com.github.espylapiza.compiler_mxstar.pizza_ir.Trace addVar > allocate variable: com.github.espylapiza.compiler_mxstar.pizza_ir.IntType@7823a2f9 null 
[FINE] com.github.espylapiza.compiler_mxstar.pizza_ir.Code addInstruction > addInstruction: $53 = 3 
[FINE] com.github.espylapiza.compiler_mxstar.pizza_ir.Trace addVar > allocate variable: com.github.espylapiza.compiler_mxstar.pizza_ir.ArrayType@3e6fa38a null 
[FINE] com.github.espylapiza.compiler_mxstar.pizza_ir.Code addInstruction > addInstruction: com.github.espylapiza.compiler_mxstar.pizza_ir.InstLoad@6a41eaa2 
[FINE] com.github.espylapiza.compiler_mxstar.pizza_ir.Trace addVar > allocate variable: com.github.espylapiza.compiler_mxstar.pizza_ir.IntType@7823a2f9 null 
[FINE] com.github.espylapiza.compiler_mxstar.pizza_ir.Trace addVar > allocate variable: com.github.espylapiza.compiler_mxstar.pizza_ir.BoolType@1bce4f0a null 
[FINE] com.github.espylapiza.compiler_mxstar.pizza_ir.Code addInstruction > addInstruction: $56 = call int.__lt__ $52 $55 
[FINE] com.github.espylapiza.compiler_mxstar.pizza_ir.Trace addVar > allocate variable: com.github.espylapiza.compiler_mxstar.pizza_ir.IntType@7823a2f9 null 
[FINE] com.github.espylapiza.compiler_mxstar.pizza_ir.Code addInstruction > addInstruction: $57 = call int.__preinc__ null 
[FINE] com.github.espylapiza.compiler_mxstar.pizza_ir.Trace addVar > allocate variable: com.github.espylapiza.compiler_mxstar.pizza_ir.IntType@7823a2f9 null 
[FINE] com.github.espylapiza.compiler_mxstar.pizza_ir.Code addInstruction > addInstruction: $58 = 3 
[FINE] com.github.espylapiza.compiler_mxstar.pizza_ir.Trace addVar > allocate variable: com.github.espylapiza.compiler_mxstar.pizza_ir.ArrayType@3e6fa38a null 
[FINE] com.github.espylapiza.compiler_mxstar.pizza_ir.Code addInstruction > addInstruction: com.github.espylapiza.compiler_mxstar.pizza_ir.InstLoad@7cd62f43 
[FINE] com.github.espylapiza.compiler_mxstar.pizza_ir.Trace addVar > allocate variable: com.github.espylapiza.compiler_mxstar.pizza_ir.IntType@7823a2f9 null 
[FINE] com.github.espylapiza.compiler_mxstar.pizza_ir.Code addInstruction > addInstruction: com.github.espylapiza.compiler_mxstar.pizza_ir.InstLoad@6d4b1c02 
[FINE] com.github.espylapiza.compiler_mxstar.pizza_ir.Trace addVar > allocate variable: com.github.espylapiza.compiler_mxstar.pizza_ir.StringType@77caeb3e null 
[FINE] com.github.espylapiza.compiler_mxstar.pizza_ir.Trace addVar > allocate variable: com.github.espylapiza.compiler_mxstar.pizza_ir.IntType@7823a2f9 null 
[FINE] com.github.espylapiza.compiler_mxstar.pizza_ir.Trace exit > remove variable: com.github.espylapiza.compiler_mxstar.pizza_ir.IntType@7823a2f9 i 
[FINE] com.github.espylapiza.compiler_mxstar.pizza_ir.Trace addVar > allocate variable: com.github.espylapiza.compiler_mxstar.pizza_ir.IntType@7823a2f9 null 
[FINE] com.github.espylapiza.compiler_mxstar.pizza_ir.Code addInstruction > addInstruction: $63 = 0 
[FINE] com.github.espylapiza.compiler_mxstar.pizza_ir.Code pack > packScope 
[FINE] com.github.espylapiza.compiler_mxstar.pizza_ir.Code exitFunc > exitFunc 
[FINE] com.github.espylapiza.compiler_mxstar.pizza_ir.Trace exit > remove variable: com.github.espylapiza.compiler_mxstar.pizza_ir.IntType@7823a2f9 i 
[FINE] com.github.espylapiza.compiler_mxstar.pizza_ir.Trace exit > remove variable: com.github.espylapiza.compiler_mxstar.pizza_ir.ArrayType@27efef64 b 
[FINE] com.github.espylapiza.compiler_mxstar.pizza_ir.PizzaIRVisitor visitFunctionDefinitionStatement > exit function: main 
[FINE] com.github.espylapiza.compiler_mxstar.pizza_ir.Code pack > packScope 
[FINE] com.github.espylapiza.compiler_mxstar.pizza_ir.Code exitFunc > exitFunc 
[INFO] com.github.espylapiza.compiler_mxstar.pizza_ir.PizzaIRBuilder fromParser > save data 
